======================================================================
   N3XUS v-COS | EMERGENT MASTER VERIFICATION V5.0 (FINAL)
======================================================================
Execution Date: $(date)
Authority: TRAE SOLO

[1/4] Verifying Critical Artifacts...
  [PASS] Found: FINAL_LAUNCH_VERIFICATION_REPORT.md
  [PASS] Found: AGENT_HANDOFF.md
  [PASS] Found: PUABO_HOLDINGS_LLC_DIGITAL_NOTARY_LOCK.md
  [PASS] Found: N3XUS_VCOS_CANONICAL_ROADMAP_1_12.md
  [PASS] Found: SECTION_2_INTEGRATION_AND_GO_LIVE.md

[2/4] Verifying Digital Notary Lock...
  [PASS] Cryptographic Seal VALID (Hash Match: 315F33...FB26)

[3/4] Verifying Critical Service Ports...
  [PASS] Port 3001 (v-SuperCore)
  [PASS] Port 3010 (Federation Spine)
  [PASS] Port 3002 (AI Gateway)
  [PASS] Port 8088 (V-Screen Hollywood)
  [PASS] Port 3140 (Earnings Oracle)

[4/4] Verifying Handshake Protocol...
  [PASS] N3XUS_HANDSHAKE=55-45-17 Detected in Config

======================================================================
   MASTER VERIFICATION SUCCESSFUL: SYSTEM SEALED & VALID
   EMERGENT PROOF GENERATED. READY FOR LAUNCH.
======================================================================
