======================================================================
   N3XUS v-COS | EMERGENT MASTER VERIFICATION V5.1 (FINAL)
======================================================================
Execution Date: $(date)
Authority: TRAE SOLO

[1/6] Verifying Critical Artifacts...
  [PASS] Found: FINAL_LAUNCH_VERIFICATION_REPORT.md
  [PASS] Found: AGENT_HANDOFF.md
  [PASS] Found: PUABO_HOLDINGS_LLC_DIGITAL_NOTARY_LOCK.md
  [PASS] Found: N3XUS_VCOS_CANONICAL_ROADMAP_1_12.md
  [PASS] Found: SECTION_2_INTEGRATION_AND_GO_LIVE.md

[2/6] Verifying Brand Integrity...
  [PASS] Logo Found: branding/official/OFFICIAL_CANONICAL_LOGO.png
  [PASS] Logo Found: branding/logo.png
  [PASS] Logo Found: src/assets/logos/logo.png
  [PASS] Logo Found: admin/public/assets/branding/logo.png
  [PASS] Logo Found: creator-hub/public/assets/branding/logo.png
  [PASS] Logo Found: frontend/public/assets/branding/logo.png

[3/6] Verifying Launch Assets...
  [PASS] Asset Found: assets/launch_video.html
  [PASS] Asset Found: assets/tiktok_launch_post.html
  [PASS] Asset Found: frontend/public/launch_video.html
  [PASS] Asset Found: frontend/public/tiktok_launch_post.html
  [PASS] Asset Found: launch.html
  [PASS] Asset Found: tiktok.html
  [PASS] Asset Found: assets/social_media_posts.md

[4/6] Verifying Digital Notary Lock...
  [PASS] Cryptographic Seal VALID (Hash Match: 315F33...FB26)

[5/6] Verifying Critical Service Ports...
  [PASS] Port 3001 (v-SuperCore - Bound)
  [PASS] Port 3010 (Federation Spine - Bound)
  [PASS] Port 3002 (AI Gateway - Bound)
  [PASS] Port 8088 (V-Screen Hollywood - Bound)
  [PASS] Port 3140 (Earnings Oracle - Bound)

[6/6] Verifying Handshake Protocol...
  [PASS] N3XUS_HANDSHAKE=55-45-17 Detected in Config

======================================================================
   MASTER VERIFICATION V5.1 SUCCESSFUL: SYSTEM SEALED & VALID
   EMERGENT PROOF GENERATED. READY FOR LAUNCH.
======================================================================
